\BOOKMARK [0][-]{chapter.1}{\376\377\000S\000t\000e\000p\000\040\0004\000:\000\040\000R\000e\000c\000o\000m\000m\000e\000n\000d\000a\000t\000i\000o\000n\000\040\000M\000o\000d\000e\000l\000\040\000\050\000D\000e\000e\000p\000\040\000D\000i\000v\000e\000\051}{}% 1
\BOOKMARK [1][-]{section.1.1}{\376\377\000S\000y\000s\000t\000e\000m\000\040\000A\000r\000c\000h\000i\000t\000e\000c\000t\000u\000r\000e}{chapter.1}% 2
\BOOKMARK [1][-]{section.1.2}{\376\377\000C\000o\000m\000p\000o\000n\000e\000n\000t\000\040\0001\000:\000\040\000T\000e\000x\000t\000\040\000V\000e\000c\000t\000o\000r\000i\000z\000a\000t\000i\000o\000n\000\040\000\050\000T\000F\000-\000I\000D\000F\000\051}{chapter.1}% 3
\BOOKMARK [2][-]{subsection.1.2.1}{\376\377\000M\000a\000t\000h\000e\000m\000a\000t\000i\000c\000a\000l\000\040\000T\000h\000e\000o\000r\000y}{section.1.2}% 4
\BOOKMARK [2][-]{subsection.1.2.2}{\376\377\000C\000o\000d\000e\000\040\000I\000m\000p\000l\000e\000m\000e\000n\000t\000a\000t\000i\000o\000n}{section.1.2}% 5
\BOOKMARK [1][-]{section.1.3}{\376\377\000C\000o\000m\000p\000o\000n\000e\000n\000t\000\040\0002\000:\000\040\000S\000e\000n\000t\000i\000m\000e\000n\000t\000\040\000A\000n\000a\000l\000y\000s\000i\000s\000\040\000\050\000N\000a\000i\000v\000e\000\040\000B\000a\000y\000e\000s\000\051}{chapter.1}% 6
\BOOKMARK [2][-]{subsection.1.3.1}{\376\377\000M\000a\000t\000h\000e\000m\000a\000t\000i\000c\000a\000l\000\040\000T\000h\000e\000o\000r\000y}{section.1.3}% 7
\BOOKMARK [2][-]{subsection.1.3.2}{\376\377\000S\000e\000e\000d\000\040\000D\000a\000t\000a\000\040\000T\000r\000a\000i\000n\000i\000n\000g\000\040\000\050\000C\000o\000l\000d\000\040\000S\000t\000a\000r\000t\000\051}{section.1.3}% 8
\BOOKMARK [1][-]{section.1.4}{\376\377\000C\000o\000m\000p\000o\000n\000e\000n\000t\000\040\0003\000:\000\040\000T\000h\000e\000\040\000R\000e\000c\000o\000m\000m\000e\000n\000d\000a\000t\000i\000o\000n\000\040\000E\000n\000g\000i\000n\000e}{chapter.1}% 9
\BOOKMARK [2][-]{subsection.1.4.1}{\376\377\000P\000h\000a\000s\000e\000\040\0001\000:\000\040\000S\000t\000a\000r\000t\000u\000p\000\040\000\046\000\040\000T\000r\000a\000i\000n\000i\000n\000g}{section.1.4}% 10
\BOOKMARK [2][-]{subsection.1.4.2}{\376\377\000P\000h\000a\000s\000e\000\040\0002\000:\000\040\000R\000e\000l\000e\000v\000a\000n\000c\000e\000\040\000C\000a\000l\000c\000u\000l\000a\000t\000i\000o\000n}{section.1.4}% 11
\BOOKMARK [2][-]{subsection.1.4.3}{\376\377\000P\000h\000a\000s\000e\000\040\0003\000:\000\040\000C\000o\000m\000p\000o\000s\000i\000t\000e\000\040\000S\000c\000o\000r\000i\000n\000g\000\040\000\050\000R\000a\000n\000k\000i\000n\000g\000\051}{section.1.4}% 12
\BOOKMARK [1][-]{section.1.5}{\376\377\000D\000a\000t\000a\000\040\000M\000o\000d\000e\000l\000:\000\040\000R\000e\000c\000o\000m\000m\000e\000n\000d\000a\000t\000i\000o\000n\000R\000e\000s\000u\000l\000t\000.\000j\000a\000v\000a}{chapter.1}% 13
\BOOKMARK [1][-]{section.1.6}{\376\377\000A\000d\000v\000a\000n\000c\000e\000d\000\040\000O\000O\000P\000\040\000A\000r\000c\000h\000i\000t\000e\000c\000t\000u\000r\000e}{chapter.1}% 14
\BOOKMARK [2][-]{subsection.1.6.1}{\376\377\000A\000b\000s\000t\000r\000a\000c\000t\000\040\000C\000l\000a\000s\000s\000:\000\040\000A\000b\000s\000t\000r\000a\000c\000t\000R\000e\000c\000o\000m\000m\000e\000n\000d\000a\000t\000i\000o\000n\000E\000n\000g\000i\000n\000e}{section.1.6}% 15
\BOOKMARK [2][-]{subsection.1.6.2}{\376\377\000G\000e\000n\000e\000r\000i\000c\000\040\000C\000l\000a\000s\000s\000:\000\040\000S\000c\000o\000r\000e\000d\000I\000t\000e\000m\000<\000T\000>}{section.1.6}% 16
\BOOKMARK [0][-]{chapter.2}{\376\377\000S\000t\000e\000p\000\040\0006\000:\000\040\000T\000e\000s\000t\000s}{}% 17
\BOOKMARK [1][-]{section.2.1}{\376\377\000E\000n\000g\000i\000n\000e\000\040\000T\000e\000s\000t\000s\000:\000\040\000R\000e\000c\000o\000m\000m\000e\000n\000d\000a\000t\000i\000o\000n\000E\000n\000g\000i\000n\000e\000T\000e\000s\000t\000.\000j\000a\000v\000a}{chapter.2}% 18
\BOOKMARK [1][-]{section.2.2}{\376\377\000V\000e\000c\000t\000o\000r\000i\000z\000e\000r\000\040\000T\000e\000s\000t\000s\000:\000\040\000T\000F\000I\000D\000F\000V\000e\000c\000t\000o\000r\000i\000z\000e\000r\000T\000e\000s\000t\000.\000j\000a\000v\000a}{chapter.2}% 19
\BOOKMARK [1][-]{section.2.3}{\376\377\000D\000a\000t\000a\000\040\000L\000o\000a\000d\000e\000r\000\040\000T\000e\000s\000t\000s\000:\000\040\000D\000a\000t\000a\000L\000o\000a\000d\000e\000r\000T\000e\000s\000t\000.\000j\000a\000v\000a}{chapter.2}% 20
